Starting linting the current package at /home/connor/Development/hello-world
Starting "go vet" under the folder /home/connor/Development/hello-world
/home/connor/Development/hello-world>Finished running tool: /snap/go/current/bin/go vet ./...

Starting building the current package at /home/connor/Development/hello-world
Not able to determine import path of current package by using cwd: /home/connor/Development/hello-world and Go workspace: 
/home/connor/Development/hello-world>Finished running tool: /snap/go/current/bin/go build -o /tmp/vscode-goB63hya/go-code-check .

Installing 17 tools at /home/connor/go/bin
  gocode
  gopkgs
  go-outline
  go-symbols
  guru
  gorename
  gotests
  gomodifytags
  impl
  fillstruct
  goplay
  godoctor
  dlv
  gocode-gomod
  godef
  goimports
  golint

Installing 17 tools at /home/connor/go/bin
  gocode
  gopkgs
  go-outline
  go-symbols
  guru
  gorename
  gotests
  gomodifytags
  impl
  fillstruct
  goplay
  godoctor
  dlv
  gocode-gomod
  godef
  goimports
  golint

Installing github.com/mdempsky/gocode SUCCEEDED
Installing github.com/mdempsky/gocode SUCCEEDED
Installing 1 tool at /home/connor/go/bin
  gocode

Installing github.com/mdempsky/gocode SUCCEEDED

All tools successfully installed. You're ready to Go :).
Installing github.com/uudashr/gopkgs/cmd/gopkgs SUCCEEDED
Installing github.com/uudashr/gopkgs/cmd/gopkgs SUCCEEDED
Installing github.com/ramya-rao-a/go-outline SUCCEEDED
Installing github.com/ramya-rao-a/go-outline SUCCEEDED
Installing github.com/acroca/go-symbols SUCCEEDED
Installing github.com/acroca/go-symbols SUCCEEDED
Installing golang.org/x/tools/cmd/guru SUCCEEDED
Installing golang.org/x/tools/cmd/guru SUCCEEDED
Installing golang.org/x/tools/cmd/gorename SUCCEEDED
Installing golang.org/x/tools/cmd/gorename SUCCEEDED
Installing github.com/cweill/gotests/... FAILED
Installing github.com/cweill/gotests/... FAILED
Installing github.com/fatih/gomodifytags SUCCEEDED
Installing github.com/fatih/gomodifytags SUCCEEDED
Installing github.com/josharian/impl SUCCEEDED
Installing github.com/josharian/impl SUCCEEDED
Installing github.com/davidrjenni/reftools/cmd/fillstruct SUCCEEDED
Installing github.com/davidrjenni/reftools/cmd/fillstruct SUCCEEDED
Installing github.com/haya14busa/goplay/cmd/goplay SUCCEEDED
Installing github.com/haya14busa/goplay/cmd/goplay SUCCEEDED
Installing github.com/godoctor/godoctor SUCCEEDED
Installing github.com/godoctor/godoctor SUCCEEDED
Installing github.com/go-delve/delve/cmd/dlv SUCCEEDED
Installing github.com/go-delve/delve/cmd/dlv SUCCEEDED
Installing github.com/stamblerre/gocode SUCCEEDED
Installing github.com/stamblerre/gocode SUCCEEDED
Installing github.com/rogpeppe/godef SUCCEEDED
Installing github.com/rogpeppe/godef SUCCEEDED
Installing golang.org/x/tools/cmd/goimports SUCCEEDED
Installing golang.org/x/tools/cmd/goimports SUCCEEDED
Installing golang.org/x/lint/golint SUCCEEDED

1 tools failed to install.

gotests:
Error: Command failed: /snap/go/current/bin/go get -v github.com/cweill/gotests/...
go: finding github.com/cweill/gotests/... latest
go: finding github.com/cweill/gotests v1.5.3
go: downloading github.com/cweill/gotests v1.5.3
go: extracting github.com/cweill/gotests v1.5.3
Fetching https://github.com?go-get=1
Parsing meta tags from https://github.com?go-get=1 (status code 200)
go get github.com/cweill/gotests/...: no matching versions for query "latest"
go: finding github.com/cweill/gotests/... latest
go: finding github.com/cweill/gotests v1.5.3
go: downloading github.com/cweill/gotests v1.5.3
go: extracting github.com/cweill/gotests v1.5.3
Fetching https://github.com?go-get=1
Parsing meta tags from https://github.com?go-get=1 (status code 200)
go get github.com/cweill/gotests/...: no matching versions for query "latest"

Installing golang.org/x/lint/golint SUCCEEDED

1 tools failed to install.

gotests:
Error: Command failed: /snap/go/current/bin/go get -v github.com/cweill/gotests/...
go: finding github.com/cweill/gotests/... latest
go: finding github.com/cweill/gotests v1.5.3
go: downloading github.com/cweill/gotests v1.5.3
go: extracting github.com/cweill/gotests v1.5.3
Fetching https://github.com?go-get=1
Parsing meta tags from https://github.com?go-get=1 (status code 200)
go get github.com/cweill/gotests/...: no matching versions for query "latest"
go: finding github.com/cweill/gotests/... latest
go: finding github.com/cweill/gotests v1.5.3
go: downloading github.com/cweill/gotests v1.5.3
go: extracting github.com/cweill/gotests v1.5.3
Fetching https://github.com?go-get=1
Parsing meta tags from https://github.com?go-get=1 (status code 200)
go get github.com/cweill/gotests/...: no matching versions for query "latest"

Installing 1 tool at /home/connor/go/bin
  gopls

Installing golang.org/x/tools/gopls SUCCEEDED

Reload VS Code window to use the Go language server
All tools successfully installed. You're ready to Go :).
