Starting linting the current package at /home/connor/Development/hello-world
/home/connor/Development/hello-world>Finished running tool: /home/connor/go/bin/golint

Installing 17 tools at /home/connor/go/bin
  gocode
  gopkgs
  go-outline
  go-symbols
  guru
  gorename
  gomodifytags
  impl
  fillstruct
  goplay
  godoctor
  dlv
  gocode-gomod
  godef
  goimports
  golint
  gopls

Installing github.com/mdempsky/gocode SUCCEEDED
Installing github.com/uudashr/gopkgs/cmd/gopkgs SUCCEEDED
Installing github.com/ramya-rao-a/go-outline SUCCEEDED
Installing github.com/acroca/go-symbols SUCCEEDED
Installing golang.org/x/tools/cmd/guru SUCCEEDED
Installing golang.org/x/tools/cmd/gorename SUCCEEDED
Installing github.com/fatih/gomodifytags SUCCEEDED
Installing github.com/josharian/impl SUCCEEDED
Installing github.com/davidrjenni/reftools/cmd/fillstruct SUCCEEDED
Installing github.com/haya14busa/goplay/cmd/goplay SUCCEEDED
Installing github.com/godoctor/godoctor SUCCEEDED
Installing github.com/go-delve/delve/cmd/dlv SUCCEEDED
Installing github.com/stamblerre/gocode SUCCEEDED
Installing github.com/rogpeppe/godef SUCCEEDED
Installing golang.org/x/tools/cmd/goimports SUCCEEDED
Installing golang.org/x/lint/golint SUCCEEDED
Installing golang.org/x/tools/gopls SUCCEEDED

Reload VS Code window to use the Go language server
All tools successfully installed. You're ready to Go :).
