[2019-09-26 21:12:51.501] [renderer3] [error] Invalid Version: undefined: TypeError: Invalid Version: undefined
	at new SemVer (/home/connor/.vscode/extensions/ms-vscode.go-0.11.6/node_modules/semver/semver.js:314:11)
	at compare (/home/connor/.vscode/extensions/ms-vscode.go-0.11.6/node_modules/semver/semver.js:647:10)
	at Function.lt (/home/connor/.vscode/extensions/ms-vscode.go-0.11.6/node_modules/semver/semver.js:688:10)
	at GoVersion.lt (/home/connor/.vscode/extensions/ms-vscode.go-0.11.6/out/src/util.js:111:23)
	at /home/connor/.vscode/extensions/ms-vscode.go-0.11.6/out/src/goModules.js:63:23
	at Generator.next (<anonymous>)
	at fulfilled (/home/connor/.vscode/extensions/ms-vscode.go-0.11.6/out/src/goModules.js:9:58)
[2019-09-26 21:12:57.211] [renderer3] [error] An unknown error occurred. Please consult the log for more details.
[2019-09-26 21:12:58.337] [renderer3] [error] An unknown error occurred. Please consult the log for more details.
[2019-09-26 21:12:59.489] [renderer3] [error] An unknown error occurred. Please consult the log for more details.
[2019-09-26 21:13:01.428] [renderer3] [error] An unknown error occurred. Please consult the log for more details.
[2019-09-26 21:19:49.255] [renderer3] [error] An unknown error occurred. Please consult the log for more details.
[2019-09-26 21:19:50.372] [renderer3] [error] An unknown error occurred. Please consult the log for more details.
[2019-09-26 21:19:52.727] [renderer3] [error] An unknown error occurred. Please consult the log for more details.
[2019-09-26 21:19:54.613] [renderer3] [error] An unknown error occurred. Please consult the log for more details.
[2019-09-26 21:19:59.342] [renderer3] [error] An unknown error occurred. Please consult the log for more details.
[2019-09-26 21:20:00.647] [renderer3] [error] An unknown error occurred. Please consult the log for more details.
[2019-09-26 21:20:04.159] [renderer3] [error] Invalid Version: undefined: TypeError: Invalid Version: undefined
	at new SemVer (/home/connor/.vscode/extensions/ms-vscode.go-0.11.6/node_modules/semver/semver.js:314:11)
	at compare (/home/connor/.vscode/extensions/ms-vscode.go-0.11.6/node_modules/semver/semver.js:647:10)
	at Function.lt (/home/connor/.vscode/extensions/ms-vscode.go-0.11.6/node_modules/semver/semver.js:688:10)
	at GoVersion.lt (/home/connor/.vscode/extensions/ms-vscode.go-0.11.6/out/src/util.js:111:23)
	at Object.<anonymous> (/home/connor/.vscode/extensions/ms-vscode.go-0.11.6/out/src/goModules.js:63:23)
	at Generator.next (<anonymous>)
	at fulfilled (/home/connor/.vscode/extensions/ms-vscode.go-0.11.6/out/src/goModules.js:9:58)
[2019-09-26 21:20:47.227] [renderer3] [error] An unknown error occurred. Please consult the log for more details.
[2019-09-26 21:20:48.427] [renderer3] [error] An unknown error occurred. Please consult the log for more details.
[2019-09-26 21:20:54.184] [renderer3] [error] An unknown error occurred. Please consult the log for more details.
[2019-09-26 21:21:00.703] [renderer3] [error] An unknown error occurred. Please consult the log for more details.
[2019-09-26 21:21:02.315] [renderer3] [error] An unknown error occurred. Please consult the log for more details.
[2019-09-26 21:21:07.907] [renderer3] [error] An unknown error occurred. Please consult the log for more details.
